0 info it worked if it ends with ok
1 verbose cli [ '/usr/local/bin/node', '/usr/local/bin/npm', 'publish' ]
2 info using npm@2.14.7
3 info using node@v4.2.3
4 verbose publish [ '.' ]
5 silly cache add args [ '.', null ]
6 verbose cache add spec .
7 silly cache add parsed spec Result {
7 silly cache add   raw: '.',
7 silly cache add   scope: null,
7 silly cache add   name: null,
7 silly cache add   rawSpec: '.',
7 silly cache add   spec: '/Users/ericever/Desktop/node/cmdTool',
7 silly cache add   type: 'directory' }
8 verbose addLocalDirectory /Users/ericever/.npm/skeleton-gen/0.0.7/package.tgz not in flight; packing
9 verbose tar pack [ '/Users/ericever/.npm/skeleton-gen/0.0.7/package.tgz',
9 verbose tar pack   '/Users/ericever/Desktop/node/cmdTool' ]
10 verbose tarball /Users/ericever/.npm/skeleton-gen/0.0.7/package.tgz
11 verbose folder /Users/ericever/Desktop/node/cmdTool
12 info prepublish skeleton-gen@0.0.7
13 verbose addLocalTarball adding from inside cache /Users/ericever/.npm/skeleton-gen/0.0.7/package.tgz
14 silly cache afterAdd skeleton-gen@0.0.7
15 verbose afterAdd /Users/ericever/.npm/skeleton-gen/0.0.7/package/package.json not in flight; writing
16 verbose afterAdd /Users/ericever/.npm/skeleton-gen/0.0.7/package/package.json written
17 silly publish { name: 'skeleton-gen',
17 silly publish   version: '0.0.7',
17 silly publish   description: 'a tool for automatic create a project skeleton',
17 silly publish   main: 'bin/ske',
17 silly publish   preferGlobal: 'true',
17 silly publish   bin: { ske: 'bin/ske' },
17 silly publish   scripts: { test: 'test ske' },
17 silly publish   repository:
17 silly publish    { type: 'git',
17 silly publish      url: 'git+https://github.com/ericever-z/skeleton.git' },
17 silly publish   keywords: [ 'skeleton', 'ske', 'node', 'cmd', 'font-end' ],
17 silly publish   engines: { node: '*' },
17 silly publish   author: { name: 'ericever' },
17 silly publish   license: 'ISC',
17 silly publish   dependencies: { colors: '^1.1.2', commander: '^2.8.1', shelljs: '^0.5.3' },
17 silly publish   readme: '## skeleton\n \n`skeleton`\n\n# description\n\na tool for automatic a skeleton to a font-end project\n\n## Usage\n\n*Step1</br>\n```Bash\n\tsudo install skeleton -g\n```\t\n*Step2\n```Bash\n  ske <dir>\n```\n\n\n\n',
17 silly publish   readmeFilename: 'README.md',
17 silly publish   gitHead: 'c28c5a3337a6ec662634b2f0ba340273dda790b3',
17 silly publish   bugs: { url: 'https://github.com/ericever-z/skeleton/issues' },
17 silly publish   homepage: 'https://github.com/ericever-z/skeleton#readme',
17 silly publish   _id: 'skeleton-gen@0.0.7',
17 silly publish   _shasum: '427105e1658594d8a761dd04ebff2013f91bef54',
17 silly publish   _from: '.' }
18 verbose getPublishConfig undefined
19 silly mapToRegistry name skeleton-gen
20 silly mapToRegistry using default registry
21 silly mapToRegistry registry https://registry.npmjs.org/
22 silly mapToRegistry uri https://registry.npmjs.org/skeleton-gen
23 verbose publish registryBase https://registry.npmjs.org/
24 silly publish uploading /Users/ericever/.npm/skeleton-gen/0.0.7/package.tgz
25 verbose request uri https://registry.npmjs.org/skeleton-gen
26 verbose request sending authorization for write operation
27 info attempt registry request try #1 at 5:39:25 PM
28 verbose request using bearer token for auth
29 verbose request id e4af04742f714035
30 http request PUT https://registry.npmjs.org/skeleton-gen
31 http 403 https://registry.npmjs.org/skeleton-gen
32 verbose headers { 'content-type': 'application/json',
32 verbose headers   'cache-control': 'max-age=300',
32 verbose headers   'content-length': '95',
32 verbose headers   'accept-ranges': 'bytes',
32 verbose headers   date: 'Tue, 19 Jan 2016 09:39:26 GMT',
32 verbose headers   via: '1.1 varnish',
32 verbose headers   connection: 'keep-alive',
32 verbose headers   'x-served-by': 'cache-hkg6827-HKG',
32 verbose headers   'x-cache': 'MISS',
32 verbose headers   'x-cache-hits': '0',
32 verbose headers   'x-timer': 'S1453196365.946402,VS0,VE749' }
33 verbose request invalidating /Users/ericever/.npm/registry.npmjs.org/skeleton-gen on PUT
34 error publish Failed PUT 403
35 verbose stack Error: "You cannot publish over the previously published version 0.0.7." : skeleton-gen
35 verbose stack     at makeError (/usr/local/lib/node_modules/npm/node_modules/npm-registry-client/lib/request.js:264:12)
35 verbose stack     at CachingRegistryClient.<anonymous> (/usr/local/lib/node_modules/npm/node_modules/npm-registry-client/lib/request.js:252:14)
35 verbose stack     at Request._callback (/usr/local/lib/node_modules/npm/node_modules/npm-registry-client/lib/request.js:172:14)
35 verbose stack     at Request.self.callback (/usr/local/lib/node_modules/npm/node_modules/request/request.js:198:22)
35 verbose stack     at emitTwo (events.js:87:13)
35 verbose stack     at Request.emit (events.js:172:7)
35 verbose stack     at Request.<anonymous> (/usr/local/lib/node_modules/npm/node_modules/request/request.js:1063:14)
35 verbose stack     at emitOne (events.js:82:20)
35 verbose stack     at Request.emit (events.js:169:7)
35 verbose stack     at IncomingMessage.<anonymous> (/usr/local/lib/node_modules/npm/node_modules/request/request.js:1009:12)
36 verbose statusCode 403
37 verbose pkgid skeleton-gen
38 verbose cwd /Users/ericever/Desktop/node/cmdTool
39 error Darwin 15.2.0
40 error argv "/usr/local/bin/node" "/usr/local/bin/npm" "publish"
41 error node v4.2.3
42 error npm  v2.14.7
43 error code E403
44 error "You cannot publish over the previously published version 0.0.7." : skeleton-gen
45 error If you need help, you may report this error at:
45 error     <https://github.com/npm/npm/issues>
46 verbose exit [ 1, true ]
